<?xml version="1.0" encoding="UTF-8"?>
<!-- Generated by org.testng.reporters.JUnitReportReporter -->
<testsuite hostname="DESKTOP-H7F0JOM" failures="0" tests="2" name="com.softserve.edu.ScrollTest" time="5.303" errors="0" timestamp="22 May 2022 17:16:37 GMT" skipped="0">
  <testcase classname="com.softserve.edu.ScrollTest" name="f3" time="5.112"/>
  <testcase classname="com.softserve.edu.ScrollTest" name="f1" time="0.191"/>
</testsuite> <!-- com.softserve.edu.ScrollTest -->
