<?xml version="1.0" encoding="UTF-8"?>
<!-- Generated by org.testng.reporters.JUnitReportReporter -->
<testsuite hostname="DESKTOP-H7F0JOM" failures="0" tests="2" name="com.softserve.edu.AppTest" time="0.194" errors="0" timestamp="17 May 2022 09:53:54 GMT" skipped="0">
  <testcase classname="com.softserve.edu.AppTest" name="checkApp" time="0.184"/>
  <testcase classname="com.softserve.edu.AppTest" name="testApp" time="0.010"/>
</testsuite> <!-- com.softserve.edu.AppTest -->
